0 info it worked if it ends with ok
1 verbose cli [ 'D:\\software\\soft\\node\\node.exe',
1 verbose cli   'D:\\software\\soft\\node\\node_modules\\npm\\bin\\npm-cli.js',
1 verbose cli   'run',
1 verbose cli   'dev' ]
2 info using npm@3.10.10
3 info using node@v6.10.0
4 verbose run-script [ 'predev', 'dev', 'postdev' ]
5 info lifecycle vue-admin@1.0.0~predev: vue-admin@1.0.0
6 silly lifecycle vue-admin@1.0.0~predev: no script for predev, continuing
7 info lifecycle vue-admin@1.0.0~dev: vue-admin@1.0.0
8 verbose lifecycle vue-admin@1.0.0~dev: unsafe-perm in lifecycle true
9 verbose lifecycle vue-admin@1.0.0~dev: PATH: D:\software\soft\node\node_modules\npm\bin\node-gyp-bin;D:\code\xingbang\vue_test\vue_admin\node_modules\.bin;C:\ProgramData\Oracle\Java\javapath;C:\Windows\system32;C:\Windows;C:\Windows\System32\Wbem;C:\Windows\System32\WindowsPowerShell\v1.0\;D:\software\soft\svn\bin;D:\software\soft\node\;C:\Program Files\Microsoft SQL Server\130\Tools\Binn\;C:\Program Files\dotnet\;D:\software\soft\git\Git\cmd;D:\software\soft\java\bin;C:\Users\xingbang\AppData\Roaming\npm;D:\software\soft\vscode\Microsoft VS Code\bin
10 verbose lifecycle vue-admin@1.0.0~dev: CWD: D:\code\xingbang\vue_test\vue_admin
11 silly lifecycle vue-admin@1.0.0~dev: Args: [ '/d /s /c',
11 silly lifecycle   'webpack-dev-server --inline --progress --config build/webpack.dev.conf.js' ]
12 silly lifecycle vue-admin@1.0.0~dev: Returned: code: 3221225786  signal: null
13 info lifecycle vue-admin@1.0.0~dev: Failed to exec dev script
14 verbose stack Error: vue-admin@1.0.0 dev: `webpack-dev-server --inline --progress --config build/webpack.dev.conf.js`
14 verbose stack Exit status 3221225786
14 verbose stack     at EventEmitter.<anonymous> (D:\software\soft\node\node_modules\npm\lib\utils\lifecycle.js:255:16)
14 verbose stack     at emitTwo (events.js:106:13)
14 verbose stack     at EventEmitter.emit (events.js:191:7)
14 verbose stack     at ChildProcess.<anonymous> (D:\software\soft\node\node_modules\npm\lib\utils\spawn.js:40:14)
14 verbose stack     at emitTwo (events.js:106:13)
14 verbose stack     at ChildProcess.emit (events.js:191:7)
14 verbose stack     at maybeClose (internal/child_process.js:877:16)
14 verbose stack     at Process.ChildProcess._handle.onexit (internal/child_process.js:226:5)
15 verbose pkgid vue-admin@1.0.0
16 verbose cwd D:\code\xingbang\vue_test\vue_admin
17 error Windows_NT 10.0.10586
18 error argv "D:\\software\\soft\\node\\node.exe" "D:\\software\\soft\\node\\node_modules\\npm\\bin\\npm-cli.js" "run" "dev"
19 error node v6.10.0
20 error npm  v3.10.10
21 error code ELIFECYCLE
22 error vue-admin@1.0.0 dev: `webpack-dev-server --inline --progress --config build/webpack.dev.conf.js`
22 error Exit status 3221225786
23 error Failed at the vue-admin@1.0.0 dev script 'webpack-dev-server --inline --progress --config build/webpack.dev.conf.js'.
23 error Make sure you have the latest version of node.js and npm installed.
23 error If you do, this is most likely a problem with the vue-admin package,
23 error not with npm itself.
23 error Tell the author that this fails on your system:
23 error     webpack-dev-server --inline --progress --config build/webpack.dev.conf.js
23 error You can get information on how to open an issue for this project with:
23 error     npm bugs vue-admin
23 error Or if that isn't available, you can get their info via:
23 error     npm owner ls vue-admin
23 error There is likely additional logging output above.
24 verbose exit [ 1, true ]
